[2024-02-12T15:15:03.949] [INFO] default - [Function: addTask] IN
[2024-02-12T15:15:03.951] [INFO] default - db file path C:\work\typescript\TaskMaster
[2024-02-12T15:15:03.964] [DEBUG] default - {
  taskId: 3,
  title: 'ｆｆｆ',
  memo: '',
  limitDate: null,
  isCompleted: 0,
  completionDate: null,
  progressStatus: 0,
  progressRate: 0,
  registerDate: '2024/2/12',
  updateDate: null
}
[2024-02-12T15:15:03.969] [INFO] default - [Function: addTask] OUT
[2024-02-12T15:15:33.564] [INFO] default - initDatabase IN
[2024-02-12T15:15:33.566] [INFO] default - db file path C:\work\typescript\TaskMaster
[2024-02-12T15:15:33.569] [INFO] default - init.sql file path C:\work\typescript\TaskMaster
[2024-02-12T15:15:33.571] [INFO] default - SQL script executed successfully.
[2024-02-12T15:15:33.572] [DEBUG] default - [
  {
    taskId: 1,
    title: 'ｓｓｓｓ',
    memo: '',
    limitDate: null,
    isCompleted: 0,
    completionDate: null,
    progressStatus: 0,
    progressRate: 0,
    registerDate: '2024/2/12',
    updateDate: null
  },
  {
    taskId: 2,
    title: 'ああああ',
    memo: '',
    limitDate: null,
    isCompleted: 0,
    completionDate: null,
    progressStatus: 0,
    progressRate: 0,
    registerDate: '2024/2/12',
    updateDate: null
  },
  {
    taskId: 3,
    title: 'ｆｆｆ',
    memo: '',
    limitDate: null,
    isCompleted: 0,
    completionDate: null,
    progressStatus: 0,
    progressRate: 0,
    registerDate: '2024/2/12',
    updateDate: null
  }
]
[2024-02-12T15:15:33.575] [INFO] default - initDatabase OUT
[2024-02-12T15:15:40.045] [INFO] default - initDatabase IN
[2024-02-12T15:15:40.046] [INFO] default - db file path C:\work\typescript\TaskMaster
[2024-02-12T15:15:40.058] [INFO] default - init.sql file path C:\work\typescript\TaskMaster
[2024-02-12T15:15:40.061] [INFO] default - SQL script executed successfully.
[2024-02-12T15:15:40.063] [DEBUG] default - [
  {
    taskId: 1,
    title: 'ｓｓｓｓ',
    memo: '',
    limitDate: null,
    isCompleted: 0,
    completionDate: null,
    progressStatus: 0,
    progressRate: 0,
    registerDate: '2024/2/12',
    updateDate: null
  },
  {
    taskId: 2,
    title: 'ああああ',
    memo: '',
    limitDate: null,
    isCompleted: 0,
    completionDate: null,
    progressStatus: 0,
    progressRate: 0,
    registerDate: '2024/2/12',
    updateDate: null
  },
  {
    taskId: 3,
    title: 'ｆｆｆ',
    memo: '',
    limitDate: null,
    isCompleted: 0,
    completionDate: null,
    progressStatus: 0,
    progressRate: 0,
    registerDate: '2024/2/12',
    updateDate: null
  }
]
[2024-02-12T15:15:40.068] [INFO] default - initDatabase OUT
[2024-02-12T15:23:53.033] [INFO] default - initDatabase IN
[2024-02-12T15:23:53.034] [INFO] default - db file path C:\work\typescript\TaskMaster
[2024-02-12T15:23:53.035] [INFO] default - init.sql file path C:\work\typescript\TaskMaster
[2024-02-12T15:23:53.037] [INFO] default - SQL script executed successfully.
[2024-02-12T15:23:53.037] [DEBUG] default - [
  {
    taskId: 1,
    title: 'ｓｓｓｓ',
    memo: '',
    limitDate: null,
    isCompleted: 0,
    completionDate: null,
    progressStatus: 0,
    progressRate: 0,
    registerDate: '2024/2/12',
    updateDate: null
  },
  {
    taskId: 2,
    title: 'ああああ',
    memo: '',
    limitDate: null,
    isCompleted: 0,
    completionDate: null,
    progressStatus: 0,
    progressRate: 0,
    registerDate: '2024/2/12',
    updateDate: null
  },
  {
    taskId: 3,
    title: 'ｆｆｆ',
    memo: '',
    limitDate: null,
    isCompleted: 0,
    completionDate: null,
    progressStatus: 0,
    progressRate: 0,
    registerDate: '2024/2/12',
    updateDate: null
  }
]
[2024-02-12T15:23:53.039] [INFO] default - initDatabase OUT
[2024-02-12T15:25:55.056] [INFO] default - [Function: addTask] IN
[2024-02-12T15:25:55.057] [INFO] default - db file path C:\work\typescript\TaskMaster
[2024-02-12T15:25:55.072] [DEBUG] default - {
  taskId: 4,
  title: 'ｄｄｄｄｄ',
  memo: '',
  limitDate: null,
  isCompleted: 0,
  completionDate: null,
  progressStatus: 0,
  progressRate: 0,
  registerDate: '2024/2/12',
  updateDate: null
}
[2024-02-12T15:25:55.074] [INFO] default - [Function: addTask] OUT
[2024-02-12T15:25:59.893] [INFO] default - initDatabase IN
[2024-02-12T15:25:59.893] [INFO] default - db file path C:\work\typescript\TaskMaster
[2024-02-12T15:25:59.895] [INFO] default - init.sql file path C:\work\typescript\TaskMaster
[2024-02-12T15:25:59.897] [INFO] default - SQL script executed successfully.
[2024-02-12T15:25:59.898] [DEBUG] default - [
  {
    taskId: 1,
    title: 'ｓｓｓｓ',
    memo: '',
    limitDate: null,
    isCompleted: 0,
    completionDate: null,
    progressStatus: 0,
    progressRate: 0,
    registerDate: '2024/2/12',
    updateDate: null
  },
  {
    taskId: 2,
    title: 'ああああ',
    memo: '',
    limitDate: null,
    isCompleted: 0,
    completionDate: null,
    progressStatus: 0,
    progressRate: 0,
    registerDate: '2024/2/12',
    updateDate: null
  },
  {
    taskId: 3,
    title: 'ｆｆｆ',
    memo: '',
    limitDate: null,
    isCompleted: 0,
    completionDate: null,
    progressStatus: 0,
    progressRate: 0,
    registerDate: '2024/2/12',
    updateDate: null
  },
  {
    taskId: 4,
    title: 'ｄｄｄｄｄ',
    memo: '',
    limitDate: null,
    isCompleted: 0,
    completionDate: null,
    progressStatus: 0,
    progressRate: 0,
    registerDate: '2024/2/12',
    updateDate: null
  }
]
[2024-02-12T15:25:59.905] [INFO] default - initDatabase OUT
[2024-02-12T15:29:08.022] [INFO] default - initDatabase IN
[2024-02-12T15:29:08.023] [INFO] default - db file path C:\work\typescript\TaskMaster
[2024-02-12T15:29:08.026] [INFO] default - init.sql file path C:\work\typescript\TaskMaster
[2024-02-12T15:29:08.028] [INFO] default - SQL script executed successfully.
[2024-02-12T15:29:08.029] [DEBUG] default - [
  {
    taskId: 1,
    title: 'ｓｓｓｓ',
    memo: '',
    limitDate: null,
    isCompleted: 0,
    completionDate: null,
    progressStatus: 0,
    progressRate: 0,
    registerDate: '2024/2/12',
    updateDate: null
  },
  {
    taskId: 2,
    title: 'ああああ',
    memo: '',
    limitDate: null,
    isCompleted: 0,
    completionDate: null,
    progressStatus: 0,
    progressRate: 0,
    registerDate: '2024/2/12',
    updateDate: null
  },
  {
    taskId: 3,
    title: 'ｆｆｆ',
    memo: '',
    limitDate: null,
    isCompleted: 0,
    completionDate: null,
    progressStatus: 0,
    progressRate: 0,
    registerDate: '2024/2/12',
    updateDate: null
  },
  {
    taskId: 4,
    title: 'ｄｄｄｄｄ',
    memo: '',
    limitDate: null,
    isCompleted: 0,
    completionDate: null,
    progressStatus: 0,
    progressRate: 0,
    registerDate: '2024/2/12',
    updateDate: null
  }
]
[2024-02-12T15:29:08.033] [INFO] default - initDatabase OUT
[2024-02-12T15:29:12.327] [INFO] default - updateTask IN
[2024-02-12T15:29:12.328] [DEBUG] default - {
  taskId: 4,
  isCompleted: true,
  completionDate: '2024/2/12',
  progressStatus: 0,
  progressRate: 0,
  updateDate: '2024/2/12'
}
[2024-02-12T15:29:12.329] [INFO] default - db file path C:\work\typescript\TaskMaster
[2024-02-12T15:29:12.338] [INFO] default - updateTask OUT
[2024-02-12T15:29:16.635] [INFO] default - updateTask IN
[2024-02-12T15:29:16.635] [DEBUG] default - {
  taskId: 4,
  isCompleted: false,
  completionDate: '2024/2/12',
  progressStatus: 0,
  progressRate: 0,
  updateDate: '2024/2/12'
}
[2024-02-12T15:29:16.636] [INFO] default - db file path C:\work\typescript\TaskMaster
[2024-02-12T15:29:16.650] [INFO] default - updateTask OUT
